<?xml version="1.0" encoding="UTF-8"?>
<!-- Generated by org.testng.reporters.JUnitReportReporter -->
<testsuite hostname="SYS-PC" name="abcpack.LinksDemo" tests="1" failures="0" timestamp="21 Nov 2014 02:47:42 GMT" time="15.950" errors="0">
  <testcase name="testLinks" time="15.950" classname="abcpack.LinksDemo"/>
</testsuite> <!-- abcpack.LinksDemo -->
