<?xml version="1.0" encoding="UTF-8"?>
<!-- Generated by org.testng.reporters.JUnitReportReporter -->
<testsuite hostname="SYS-PC" name="abcpack.WebTableDemo" tests="1" failures="0" timestamp="21 Nov 2014 02:47:42 GMT" time="13.355" errors="0">
  <testcase name="dynamicTable" time="13.355" classname="abcpack.WebTableDemo"/>
</testsuite> <!-- abcpack.WebTableDemo -->
