<?xml version="1.0" encoding="UTF-8"?>
<!-- Generated by org.testng.reporters.JUnitReportReporter -->
<testsuite hostname="SYS-PC" name="abcpack.WebElementsDemo" tests="1" failures="0" timestamp="21 Nov 2014 02:47:42 GMT" time="11.914" errors="0">
  <testcase name="testWebElements" time="11.914" classname="abcpack.WebElementsDemo"/>
</testsuite> <!-- abcpack.WebElementsDemo -->
